mode: set
github.com/mradrianhh/go-fighter-game/models/tick.go:11.26,12.39 1 0
github.com/mradrianhh/go-fighter-game/models/tick.go:15.2,17.34 2 0
github.com/mradrianhh/go-fighter-game/models/tick.go:21.2,21.14 1 0
github.com/mradrianhh/go-fighter-game/models/tick.go:12.39,14.3 1 0
github.com/mradrianhh/go-fighter-game/models/tick.go:17.34,19.3 1 0
github.com/mradrianhh/go-fighter-game/models/tick.go:25.35,27.2 1 0
github.com/mradrianhh/go-fighter-game/models/tick.go:30.52,32.2 1 0
github.com/mradrianhh/go-fighter-game/models/tick.go:35.34,37.2 1 0
github.com/mradrianhh/go-fighter-game/models/comment.go:13.27,15.2 1 0
github.com/mradrianhh/go-fighter-game/models/item.go:32.13,39.2 6 1
github.com/mradrianhh/go-fighter-game/models/player.go:38.13,40.2 1 1
github.com/mradrianhh/go-fighter-game/models/player.go:43.48,58.2 3 1
github.com/mradrianhh/go-fighter-game/models/player.go:61.32,77.2 3 1
github.com/mradrianhh/go-fighter-game/models/player.go:80.31,96.2 3 1
github.com/mradrianhh/go-fighter-game/models/player.go:99.56,100.19 1 1
github.com/mradrianhh/go-fighter-game/models/player.go:101.24,111.13 5 1
github.com/mradrianhh/go-fighter-game/models/player.go:112.26,122.13 5 1
github.com/mradrianhh/go-fighter-game/models/player.go:123.17,133.13 5 1
github.com/mradrianhh/go-fighter-game/models/player.go:134.10,135.39 1 1
github.com/mradrianhh/go-fighter-game/models/player.go:140.37,144.47 4 1
github.com/mradrianhh/go-fighter-game/models/player.go:144.47,148.3 3 1
github.com/mradrianhh/go-fighter-game/models/player.go:152.51,153.29 1 1
github.com/mradrianhh/go-fighter-game/models/player.go:158.2,158.39 1 1
github.com/mradrianhh/go-fighter-game/models/player.go:153.29,156.3 2 1
github.com/mradrianhh/go-fighter-game/models/player.go:163.54,164.52 1 1
github.com/mradrianhh/go-fighter-game/models/player.go:167.2,170.12 3 1
github.com/mradrianhh/go-fighter-game/models/player.go:164.52,166.3 1 1
github.com/mradrianhh/go-fighter-game/models/player.go:175.53,177.16 2 1
github.com/mradrianhh/go-fighter-game/models/player.go:180.2,183.12 3 1
github.com/mradrianhh/go-fighter-game/models/player.go:177.16,179.3 1 1
github.com/mradrianhh/go-fighter-game/models/player.go:188.54,190.16 2 1
github.com/mradrianhh/go-fighter-game/models/player.go:193.2,196.12 3 1
github.com/mradrianhh/go-fighter-game/models/player.go:190.16,192.3 1 1
github.com/mradrianhh/go-fighter-game/models/player.go:201.57,203.16 2 1
github.com/mradrianhh/go-fighter-game/models/player.go:206.2,209.12 3 1
github.com/mradrianhh/go-fighter-game/models/player.go:203.16,205.3 1 1
github.com/mradrianhh/go-fighter-game/models/player.go:214.40,218.2 3 1
github.com/mradrianhh/go-fighter-game/models/player.go:222.39,226.2 3 1
github.com/mradrianhh/go-fighter-game/models/player.go:230.40,234.2 3 1
github.com/mradrianhh/go-fighter-game/models/player.go:238.43,242.2 3 1
github.com/mradrianhh/go-fighter-game/models/player.go:245.52,248.42 3 1
github.com/mradrianhh/go-fighter-game/models/player.go:251.2,259.12 5 1
github.com/mradrianhh/go-fighter-game/models/player.go:248.42,250.3 1 1
github.com/mradrianhh/go-fighter-game/models/player.go:263.46,267.2 3 0
github.com/mradrianhh/go-fighter-game/models/player.go:270.32,274.2 3 0
github.com/mradrianhh/go-fighter-game/models/player.go:277.51,281.2 3 1
github.com/mradrianhh/go-fighter-game/models/player.go:283.42,285.2 1 0
github.com/mradrianhh/go-fighter-game/models/player.go:288.15,289.6 1 0
github.com/mradrianhh/go-fighter-game/models/player.go:289.6,290.44 1 0
github.com/mradrianhh/go-fighter-game/models/player.go:290.44,291.27 1 0
github.com/mradrianhh/go-fighter-game/models/player.go:291.27,292.34 1 0
github.com/mradrianhh/go-fighter-game/models/player.go:292.34,294.6 1 0
github.com/mradrianhh/go-fighter-game/models/shop.go:9.21,17.2 4 1
github.com/mradrianhh/go-fighter-game/models/shop.go:21.55,23.16 2 1
github.com/mradrianhh/go-fighter-game/models/shop.go:26.2,27.12 2 1
github.com/mradrianhh/go-fighter-game/models/shop.go:23.16,25.3 1 1
github.com/mradrianhh/go-fighter-game/models/shop.go:32.54,34.16 2 1
github.com/mradrianhh/go-fighter-game/models/shop.go:37.2,38.12 2 1
github.com/mradrianhh/go-fighter-game/models/shop.go:34.16,36.3 1 1
github.com/mradrianhh/go-fighter-game/models/shop.go:43.55,45.16 2 1
github.com/mradrianhh/go-fighter-game/models/shop.go:48.2,49.12 2 1
github.com/mradrianhh/go-fighter-game/models/shop.go:45.16,47.3 1 1
github.com/mradrianhh/go-fighter-game/models/shop.go:54.58,56.16 2 1
github.com/mradrianhh/go-fighter-game/models/shop.go:59.2,60.12 2 1
github.com/mradrianhh/go-fighter-game/models/shop.go:56.16,58.3 1 1
github.com/mradrianhh/go-fighter-game/models/stats.go:18.48,24.2 1 1
github.com/mradrianhh/go-fighter-game/models/stats.go:27.27,29.2 1 1
